{"C:\\Users\\srebollo\\OneDrive - DXC Production\\Documents\\FormacionJuniorDXC\\1.6-Jest\\notes-app-full-stack-bootcamp\\src\\App.js": {"path":"C:\\Users\\srebollo\\OneDrive - DXC Production\\Documents\\FormacionJuniorDXC\\1.6-Jest\\notes-app-full-stack-bootcamp\\src\\App.js","statementMap":{"0":{"start":{"line":9,"column":12},"end":{"line":140,"column":1}},"1":{"start":{"line":10,"column":28},"end":{"line":10,"column":40}},"2":{"start":{"line":12,"column":32},"end":{"line":12,"column":46}},"3":{"start":{"line":13,"column":42},"end":{"line":13,"column":56}},"4":{"start":{"line":15,"column":34},"end":{"line":15,"column":46}},"5":{"start":{"line":16,"column":34},"end":{"line":16,"column":46}},"6":{"start":{"line":17,"column":26},"end":{"line":17,"column":40}},"7":{"start":{"line":19,"column":2},"end":{"line":25,"column":8}},"8":{"start":{"line":20,"column":4},"end":{"line":24,"column":8}},"9":{"start":{"line":23,"column":8},"end":{"line":23,"column":30}},"10":{"start":{"line":27,"column":2},"end":{"line":34,"column":8}},"11":{"start":{"line":28,"column":27},"end":{"line":28,"column":75}},"12":{"start":{"line":29,"column":4},"end":{"line":33,"column":5}},"13":{"start":{"line":30,"column":19},"end":{"line":30,"column":45}},"14":{"start":{"line":31,"column":6},"end":{"line":31,"column":19}},"15":{"start":{"line":32,"column":6},"end":{"line":32,"column":38}},"16":{"start":{"line":36,"column":23},"end":{"line":40,"column":3}},"17":{"start":{"line":37,"column":4},"end":{"line":37,"column":17}},"18":{"start":{"line":38,"column":4},"end":{"line":38,"column":30}},"19":{"start":{"line":39,"column":4},"end":{"line":39,"column":55}},"20":{"start":{"line":42,"column":18},"end":{"line":48,"column":3}},"21":{"start":{"line":43,"column":4},"end":{"line":47,"column":8}},"22":{"start":{"line":46,"column":8},"end":{"line":46,"column":44}},"23":{"start":{"line":50,"column":29},"end":{"line":67,"column":3}},"24":{"start":{"line":51,"column":17},"end":{"line":51,"column":45}},"25":{"start":{"line":51,"column":33},"end":{"line":51,"column":44}},"26":{"start":{"line":52,"column":24},"end":{"line":52,"column":63}},"27":{"start":{"line":54,"column":4},"end":{"line":66,"column":8}},"28":{"start":{"line":57,"column":8},"end":{"line":57,"column":73}},"29":{"start":{"line":57,"column":35},"end":{"line":57,"column":71}},"30":{"start":{"line":60,"column":8},"end":{"line":62,"column":9}},"31":{"start":{"line":63,"column":8},"end":{"line":65,"column":16}},"32":{"start":{"line":64,"column":10},"end":{"line":64,"column":31}},"33":{"start":{"line":69,"column":22},"end":{"line":94,"column":3}},"34":{"start":{"line":70,"column":4},"end":{"line":70,"column":26}},"35":{"start":{"line":72,"column":4},"end":{"line":92,"column":5}},"36":{"start":{"line":73,"column":19},"end":{"line":76,"column":8}},"37":{"start":{"line":78,"column":6},"end":{"line":80,"column":7}},"38":{"start":{"line":82,"column":6},"end":{"line":82,"column":38}},"39":{"start":{"line":84,"column":6},"end":{"line":84,"column":19}},"40":{"start":{"line":85,"column":6},"end":{"line":85,"column":21}},"41":{"start":{"line":86,"column":6},"end":{"line":86,"column":21}},"42":{"start":{"line":88,"column":6},"end":{"line":88,"column":42}},"43":{"start":{"line":89,"column":6},"end":{"line":91,"column":14}},"44":{"start":{"line":90,"column":8},"end":{"line":90,"column":29}},"45":{"start":{"line":96,"column":22},"end":{"line":98,"column":42}},"46":{"start":{"line":98,"column":27},"end":{"line":98,"column":41}},"47":{"start":{"line":100,"column":2},"end":{"line":139,"column":3}},"48":{"start":{"line":116,"column":30},"end":{"line":116,"column":55}},"49":{"start":{"line":118,"column":30},"end":{"line":118,"column":55}},"50":{"start":{"line":125,"column":31},"end":{"line":125,"column":51}},"51":{"start":{"line":131,"column":10},"end":{"line":135,"column":12}},"52":{"start":{"line":134,"column":36},"end":{"line":134,"column":63}}},"fnMap":{"0":{"name":"(anonymous_0)","decl":{"start":{"line":9,"column":12},"end":{"line":9,"column":13}},"loc":{"start":{"line":9,"column":18},"end":{"line":140,"column":1}},"line":9},"1":{"name":"(anonymous_1)","decl":{"start":{"line":19,"column":12},"end":{"line":19,"column":13}},"loc":{"start":{"line":19,"column":18},"end":{"line":25,"column":3}},"line":19},"2":{"name":"(anonymous_2)","decl":{"start":{"line":22,"column":12},"end":{"line":22,"column":13}},"loc":{"start":{"line":22,"column":28},"end":{"line":24,"column":7}},"line":22},"3":{"name":"(anonymous_3)","decl":{"start":{"line":27,"column":12},"end":{"line":27,"column":13}},"loc":{"start":{"line":27,"column":18},"end":{"line":34,"column":3}},"line":27},"4":{"name":"(anonymous_4)","decl":{"start":{"line":36,"column":23},"end":{"line":36,"column":24}},"loc":{"start":{"line":36,"column":29},"end":{"line":40,"column":3}},"line":36},"5":{"name":"(anonymous_5)","decl":{"start":{"line":42,"column":18},"end":{"line":42,"column":19}},"loc":{"start":{"line":42,"column":34},"end":{"line":48,"column":3}},"line":42},"6":{"name":"(anonymous_6)","decl":{"start":{"line":45,"column":12},"end":{"line":45,"column":13}},"loc":{"start":{"line":45,"column":28},"end":{"line":47,"column":7}},"line":45},"7":{"name":"(anonymous_7)","decl":{"start":{"line":50,"column":29},"end":{"line":50,"column":30}},"loc":{"start":{"line":50,"column":37},"end":{"line":67,"column":3}},"line":50},"8":{"name":"(anonymous_8)","decl":{"start":{"line":51,"column":28},"end":{"line":51,"column":29}},"loc":{"start":{"line":51,"column":33},"end":{"line":51,"column":44}},"line":51},"9":{"name":"(anonymous_9)","decl":{"start":{"line":56,"column":12},"end":{"line":56,"column":13}},"loc":{"start":{"line":56,"column":28},"end":{"line":58,"column":7}},"line":56},"10":{"name":"(anonymous_10)","decl":{"start":{"line":57,"column":27},"end":{"line":57,"column":28}},"loc":{"start":{"line":57,"column":35},"end":{"line":57,"column":71}},"line":57},"11":{"name":"(anonymous_11)","decl":{"start":{"line":59,"column":13},"end":{"line":59,"column":14}},"loc":{"start":{"line":59,"column":22},"end":{"line":66,"column":7}},"line":59},"12":{"name":"(anonymous_12)","decl":{"start":{"line":63,"column":19},"end":{"line":63,"column":20}},"loc":{"start":{"line":63,"column":25},"end":{"line":65,"column":9}},"line":63},"13":{"name":"(anonymous_13)","decl":{"start":{"line":69,"column":22},"end":{"line":69,"column":23}},"loc":{"start":{"line":69,"column":39},"end":{"line":94,"column":3}},"line":69},"14":{"name":"(anonymous_14)","decl":{"start":{"line":89,"column":17},"end":{"line":89,"column":18}},"loc":{"start":{"line":89,"column":23},"end":{"line":91,"column":7}},"line":89},"15":{"name":"(anonymous_15)","decl":{"start":{"line":98,"column":19},"end":{"line":98,"column":20}},"loc":{"start":{"line":98,"column":27},"end":{"line":98,"column":41}},"line":98},"16":{"name":"(anonymous_16)","decl":{"start":{"line":116,"column":16},"end":{"line":116,"column":17}},"loc":{"start":{"line":116,"column":30},"end":{"line":116,"column":55}},"line":116},"17":{"name":"(anonymous_17)","decl":{"start":{"line":118,"column":16},"end":{"line":118,"column":17}},"loc":{"start":{"line":118,"column":30},"end":{"line":118,"column":55}},"line":118},"18":{"name":"(anonymous_18)","decl":{"start":{"line":125,"column":25},"end":{"line":125,"column":26}},"loc":{"start":{"line":125,"column":31},"end":{"line":125,"column":51}},"line":125},"19":{"name":"(anonymous_19)","decl":{"start":{"line":130,"column":25},"end":{"line":130,"column":26}},"loc":{"start":{"line":131,"column":10},"end":{"line":135,"column":12}},"line":131},"20":{"name":"(anonymous_20)","decl":{"start":{"line":134,"column":30},"end":{"line":134,"column":31}},"loc":{"start":{"line":134,"column":36},"end":{"line":134,"column":63}},"line":134}},"branchMap":{"0":{"loc":{"start":{"line":29,"column":4},"end":{"line":33,"column":5}},"type":"if","locations":[{"start":{"line":29,"column":4},"end":{"line":33,"column":5}},{"start":{"line":29,"column":4},"end":{"line":33,"column":5}}],"line":29},"1":{"loc":{"start":{"line":57,"column":35},"end":{"line":57,"column":71}},"type":"cond-expr","locations":[{"start":{"line":57,"column":52},"end":{"line":57,"column":56}},{"start":{"line":57,"column":59},"end":{"line":57,"column":71}}],"line":57},"2":{"loc":{"start":{"line":96,"column":22},"end":{"line":98,"column":42}},"type":"cond-expr","locations":[{"start":{"line":97,"column":6},"end":{"line":97,"column":11}},{"start":{"line":98,"column":6},"end":{"line":98,"column":42}}],"line":96},"3":{"loc":{"start":{"line":107,"column":8},"end":{"line":121,"column":14}},"type":"cond-expr","locations":[{"start":{"line":108,"column":12},"end":{"line":111,"column":14}},{"start":{"line":112,"column":12},"end":{"line":121,"column":14}}],"line":107},"4":{"loc":{"start":{"line":126,"column":16},"end":{"line":126,"column":45}},"type":"cond-expr","locations":[{"start":{"line":126,"column":26},"end":{"line":126,"column":37}},{"start":{"line":126,"column":40},"end":{"line":126,"column":45}}],"line":126}},"s":{"0":0,"1":0,"2":0,"3":0,"4":0,"5":0,"6":0,"7":0,"8":0,"9":0,"10":0,"11":0,"12":0,"13":0,"14":0,"15":0,"16":0,"17":0,"18":0,"19":0,"20":0,"21":0,"22":0,"23":0,"24":0,"25":0,"26":0,"27":0,"28":0,"29":0,"30":0,"31":0,"32":0,"33":0,"34":0,"35":0,"36":0,"37":0,"38":0,"39":0,"40":0,"41":0,"42":0,"43":0,"44":0,"45":0,"46":0,"47":0,"48":0,"49":0,"50":0,"51":0,"52":0},"f":{"0":0,"1":0,"2":0,"3":0,"4":0,"5":0,"6":0,"7":0,"8":0,"9":0,"10":0,"11":0,"12":0,"13":0,"14":0,"15":0,"16":0,"17":0,"18":0,"19":0,"20":0},"b":{"0":[0,0],"1":[0,0],"2":[0,0],"3":[0,0],"4":[0,0]},"hash":"5e414edfb8ae9468c7d14616155bdd36319823c4"}
,"C:\\Users\\srebollo\\OneDrive - DXC Production\\Documents\\FormacionJuniorDXC\\1.6-Jest\\notes-app-full-stack-bootcamp\\src\\index.js": {"path":"C:\\Users\\srebollo\\OneDrive - DXC Production\\Documents\\FormacionJuniorDXC\\1.6-Jest\\notes-app-full-stack-bootcamp\\src\\index.js","statementMap":{"0":{"start":{"line":6,"column":0},"end":{"line":9,"column":1}}},"fnMap":{},"branchMap":{},"s":{"0":0},"f":{},"b":{},"hash":"6bc846fa8ffd25a218db5c3fcdcc6ec1b42953f5"}
,"C:\\Users\\srebollo\\OneDrive - DXC Production\\Documents\\FormacionJuniorDXC\\1.6-Jest\\notes-app-full-stack-bootcamp\\src\\components\\LoginForm.js": {"path":"C:\\Users\\srebollo\\OneDrive - DXC Production\\Documents\\FormacionJuniorDXC\\1.6-Jest\\notes-app-full-stack-bootcamp\\src\\components\\LoginForm.js","statementMap":{"0":{"start":{"line":6,"column":2},"end":{"line":32,"column":3}},"1":{"start":{"line":35,"column":0},"end":{"line":39,"column":1}}},"fnMap":{"0":{"name":"LoginForm","decl":{"start":{"line":5,"column":24},"end":{"line":5,"column":33}},"loc":{"start":{"line":5,"column":61},"end":{"line":33,"column":1}},"line":5}},"branchMap":{},"s":{"0":0,"1":0},"f":{"0":0},"b":{},"hash":"8b25d4ea56158ae39e3ca54988687fa31c692afb"}
,"C:\\Users\\srebollo\\OneDrive - DXC Production\\Documents\\FormacionJuniorDXC\\1.6-Jest\\notes-app-full-stack-bootcamp\\src\\components\\Note.js": {"path":"C:\\Users\\srebollo\\OneDrive - DXC Production\\Documents\\FormacionJuniorDXC\\1.6-Jest\\notes-app-full-stack-bootcamp\\src\\components\\Note.js","statementMap":{"0":{"start":{"line":3,"column":13},"end":{"line":14,"column":1}},"1":{"start":{"line":4,"column":16},"end":{"line":6,"column":22}},"2":{"start":{"line":8,"column":2},"end":{"line":13,"column":3}}},"fnMap":{"0":{"name":"(anonymous_0)","decl":{"start":{"line":3,"column":13},"end":{"line":3,"column":14}},"loc":{"start":{"line":3,"column":45},"end":{"line":14,"column":1}},"line":3}},"branchMap":{"0":{"loc":{"start":{"line":4,"column":16},"end":{"line":6,"column":22}},"type":"cond-expr","locations":[{"start":{"line":5,"column":6},"end":{"line":5,"column":26}},{"start":{"line":6,"column":6},"end":{"line":6,"column":22}}],"line":4}},"s":{"0":1,"1":2,"2":2},"f":{"0":2},"b":{"0":[2,0]},"_coverageSchema":"43e27e138ebf9cfc5966b082cf9a028302ed4184","hash":"086a7863481a7ae732a3892e4ede2502a51accb1"}
,"C:\\Users\\srebollo\\OneDrive - DXC Production\\Documents\\FormacionJuniorDXC\\1.6-Jest\\notes-app-full-stack-bootcamp\\src\\components\\NoteForm.js": {"path":"C:\\Users\\srebollo\\OneDrive - DXC Production\\Documents\\FormacionJuniorDXC\\1.6-Jest\\notes-app-full-stack-bootcamp\\src\\components\\NoteForm.js","statementMap":{"0":{"start":{"line":5,"column":32},"end":{"line":5,"column":44}},"1":{"start":{"line":6,"column":23},"end":{"line":6,"column":31}},"2":{"start":{"line":8,"column":23},"end":{"line":10,"column":3}},"3":{"start":{"line":9,"column":4},"end":{"line":9,"column":34}},"4":{"start":{"line":12,"column":23},"end":{"line":23,"column":3}},"5":{"start":{"line":13,"column":4},"end":{"line":13,"column":26}},"6":{"start":{"line":15,"column":23},"end":{"line":18,"column":5}},"7":{"start":{"line":20,"column":4},"end":{"line":20,"column":23}},"8":{"start":{"line":21,"column":4},"end":{"line":21,"column":18}},"9":{"start":{"line":22,"column":4},"end":{"line":22,"column":43}},"10":{"start":{"line":25,"column":2},"end":{"line":43,"column":3}}},"fnMap":{"0":{"name":"NoteForm","decl":{"start":{"line":4,"column":24},"end":{"line":4,"column":32}},"loc":{"start":{"line":4,"column":59},"end":{"line":44,"column":1}},"line":4},"1":{"name":"(anonymous_1)","decl":{"start":{"line":8,"column":23},"end":{"line":8,"column":24}},"loc":{"start":{"line":8,"column":34},"end":{"line":10,"column":3}},"line":8},"2":{"name":"(anonymous_2)","decl":{"start":{"line":12,"column":23},"end":{"line":12,"column":24}},"loc":{"start":{"line":12,"column":34},"end":{"line":23,"column":3}},"line":12}},"branchMap":{},"s":{"0":0,"1":0,"2":0,"3":0,"4":0,"5":0,"6":0,"7":0,"8":0,"9":0,"10":0},"f":{"0":0,"1":0,"2":0},"b":{},"hash":"3a71638506248c783b1d0e5c74c17199965c61de"}
,"C:\\Users\\srebollo\\OneDrive - DXC Production\\Documents\\FormacionJuniorDXC\\1.6-Jest\\notes-app-full-stack-bootcamp\\src\\components\\Notification.js": {"path":"C:\\Users\\srebollo\\OneDrive - DXC Production\\Documents\\FormacionJuniorDXC\\1.6-Jest\\notes-app-full-stack-bootcamp\\src\\components\\Notification.js","statementMap":{"0":{"start":{"line":3,"column":21},"end":{"line":13,"column":1}},"1":{"start":{"line":4,"column":2},"end":{"line":6,"column":3}},"2":{"start":{"line":5,"column":4},"end":{"line":5,"column":15}},"3":{"start":{"line":8,"column":2},"end":{"line":12,"column":3}}},"fnMap":{"0":{"name":"(anonymous_0)","decl":{"start":{"line":3,"column":21},"end":{"line":3,"column":22}},"loc":{"start":{"line":3,"column":38},"end":{"line":13,"column":1}},"line":3}},"branchMap":{"0":{"loc":{"start":{"line":4,"column":2},"end":{"line":6,"column":3}},"type":"if","locations":[{"start":{"line":4,"column":2},"end":{"line":6,"column":3}},{"start":{"line":4,"column":2},"end":{"line":6,"column":3}}],"line":4}},"s":{"0":0,"1":0,"2":0,"3":0},"f":{"0":0},"b":{"0":[0,0]},"hash":"ebd6edf8caea9336ebc2420b954936596728a4cd"}
,"C:\\Users\\srebollo\\OneDrive - DXC Production\\Documents\\FormacionJuniorDXC\\1.6-Jest\\notes-app-full-stack-bootcamp\\src\\components\\Togglable.js": {"path":"C:\\Users\\srebollo\\OneDrive - DXC Production\\Documents\\FormacionJuniorDXC\\1.6-Jest\\notes-app-full-stack-bootcamp\\src\\components\\Togglable.js","statementMap":{"0":{"start":{"line":5,"column":18},"end":{"line":34,"column":2}},"1":{"start":{"line":6,"column":32},"end":{"line":6,"column":47}},"2":{"start":{"line":8,"column":26},"end":{"line":8,"column":60}},"3":{"start":{"line":9,"column":26},"end":{"line":9,"column":60}},"4":{"start":{"line":11,"column":27},"end":{"line":11,"column":53}},"5":{"start":{"line":11,"column":33},"end":{"line":11,"column":53}},"6":{"start":{"line":13,"column":2},"end":{"line":17,"column":4}},"7":{"start":{"line":14,"column":4},"end":{"line":16,"column":5}},"8":{"start":{"line":19,"column":2},"end":{"line":33,"column":5}},"9":{"start":{"line":36,"column":0},"end":{"line":36,"column":35}},"10":{"start":{"line":38,"column":0},"end":{"line":40,"column":1}}},"fnMap":{"0":{"name":"(anonymous_0)","decl":{"start":{"line":5,"column":29},"end":{"line":5,"column":30}},"loc":{"start":{"line":5,"column":72},"end":{"line":34,"column":1}},"line":5},"1":{"name":"(anonymous_1)","decl":{"start":{"line":11,"column":27},"end":{"line":11,"column":28}},"loc":{"start":{"line":11,"column":33},"end":{"line":11,"column":53}},"line":11},"2":{"name":"(anonymous_2)","decl":{"start":{"line":13,"column":27},"end":{"line":13,"column":28}},"loc":{"start":{"line":13,"column":33},"end":{"line":17,"column":3}},"line":13}},"branchMap":{"0":{"loc":{"start":{"line":5,"column":41},"end":{"line":5,"column":61}},"type":"default-arg","locations":[{"start":{"line":5,"column":55},"end":{"line":5,"column":61}}],"line":5},"1":{"loc":{"start":{"line":8,"column":37},"end":{"line":8,"column":58}},"type":"cond-expr","locations":[{"start":{"line":8,"column":47},"end":{"line":8,"column":53}},{"start":{"line":8,"column":56},"end":{"line":8,"column":58}}],"line":8},"2":{"loc":{"start":{"line":9,"column":37},"end":{"line":9,"column":58}},"type":"cond-expr","locations":[{"start":{"line":9,"column":47},"end":{"line":9,"column":49}},{"start":{"line":9,"column":52},"end":{"line":9,"column":58}}],"line":9}},"s":{"0":1,"1":7,"2":7,"3":7,"4":7,"5":3,"6":7,"7":0,"8":7,"9":1,"10":1},"f":{"0":7,"1":3,"2":0},"b":{"0":[0],"1":[2,5],"2":[2,5]},"_coverageSchema":"43e27e138ebf9cfc5966b082cf9a028302ed4184","hash":"58a57978d5c7f0d40f7515d88b0016eaae6ffeb7"}
,"C:\\Users\\srebollo\\OneDrive - DXC Production\\Documents\\FormacionJuniorDXC\\1.6-Jest\\notes-app-full-stack-bootcamp\\src\\i18n\\index.js": {"path":"C:\\Users\\srebollo\\OneDrive - DXC Production\\Documents\\FormacionJuniorDXC\\1.6-Jest\\notes-app-full-stack-bootcamp\\src\\i18n\\index.js","statementMap":{},"fnMap":{},"branchMap":{},"s":{},"f":{},"b":{},"_coverageSchema":"43e27e138ebf9cfc5966b082cf9a028302ed4184","hash":"8ce13a39f64c4629c9f05e77cf493f9c0dbf117b"}
,"C:\\Users\\srebollo\\OneDrive - DXC Production\\Documents\\FormacionJuniorDXC\\1.6-Jest\\notes-app-full-stack-bootcamp\\src\\services\\login.js": {"path":"C:\\Users\\srebollo\\OneDrive - DXC Production\\Documents\\FormacionJuniorDXC\\1.6-Jest\\notes-app-full-stack-bootcamp\\src\\services\\login.js","statementMap":{"0":{"start":{"line":3,"column":16},"end":{"line":3,"column":49}},"1":{"start":{"line":5,"column":14},"end":{"line":8,"column":1}},"2":{"start":{"line":6,"column":19},"end":{"line":6,"column":57}},"3":{"start":{"line":7,"column":2},"end":{"line":7,"column":13}}},"fnMap":{"0":{"name":"(anonymous_0)","decl":{"start":{"line":5,"column":14},"end":{"line":5,"column":15}},"loc":{"start":{"line":5,"column":35},"end":{"line":8,"column":1}},"line":5}},"branchMap":{},"s":{"0":0,"1":0,"2":0,"3":0},"f":{"0":0},"b":{},"hash":"0b06a31cadb55a33dad9c99a070284858caa049e"}
,"C:\\Users\\srebollo\\OneDrive - DXC Production\\Documents\\FormacionJuniorDXC\\1.6-Jest\\notes-app-full-stack-bootcamp\\src\\services\\notes.js": {"path":"C:\\Users\\srebollo\\OneDrive - DXC Production\\Documents\\FormacionJuniorDXC\\1.6-Jest\\notes-app-full-stack-bootcamp\\src\\services\\notes.js","statementMap":{"0":{"start":{"line":2,"column":16},"end":{"line":2,"column":49}},"1":{"start":{"line":4,"column":12},"end":{"line":4,"column":16}},"2":{"start":{"line":6,"column":17},"end":{"line":8,"column":1}},"3":{"start":{"line":7,"column":2},"end":{"line":7,"column":30}},"4":{"start":{"line":10,"column":15},"end":{"line":13,"column":1}},"5":{"start":{"line":11,"column":18},"end":{"line":11,"column":36}},"6":{"start":{"line":12,"column":2},"end":{"line":12,"column":48}},"7":{"start":{"line":12,"column":34},"end":{"line":12,"column":47}},"8":{"start":{"line":15,"column":15},"end":{"line":24,"column":1}},"9":{"start":{"line":16,"column":17},"end":{"line":20,"column":3}},"10":{"start":{"line":22,"column":18},"end":{"line":22,"column":56}},"11":{"start":{"line":23,"column":2},"end":{"line":23,"column":48}},"12":{"start":{"line":23,"column":34},"end":{"line":23,"column":47}},"13":{"start":{"line":26,"column":15},"end":{"line":35,"column":1}},"14":{"start":{"line":27,"column":17},"end":{"line":31,"column":3}},"15":{"start":{"line":33,"column":18},"end":{"line":33,"column":66}},"16":{"start":{"line":34,"column":2},"end":{"line":34,"column":48}},"17":{"start":{"line":34,"column":34},"end":{"line":34,"column":47}}},"fnMap":{"0":{"name":"(anonymous_0)","decl":{"start":{"line":6,"column":17},"end":{"line":6,"column":18}},"loc":{"start":{"line":6,"column":29},"end":{"line":8,"column":1}},"line":6},"1":{"name":"(anonymous_1)","decl":{"start":{"line":10,"column":15},"end":{"line":10,"column":16}},"loc":{"start":{"line":10,"column":21},"end":{"line":13,"column":1}},"line":10},"2":{"name":"(anonymous_2)","decl":{"start":{"line":12,"column":22},"end":{"line":12,"column":23}},"loc":{"start":{"line":12,"column":34},"end":{"line":12,"column":47}},"line":12},"3":{"name":"(anonymous_3)","decl":{"start":{"line":15,"column":15},"end":{"line":15,"column":16}},"loc":{"start":{"line":15,"column":30},"end":{"line":24,"column":1}},"line":15},"4":{"name":"(anonymous_4)","decl":{"start":{"line":23,"column":22},"end":{"line":23,"column":23}},"loc":{"start":{"line":23,"column":34},"end":{"line":23,"column":47}},"line":23},"5":{"name":"(anonymous_5)","decl":{"start":{"line":26,"column":15},"end":{"line":26,"column":16}},"loc":{"start":{"line":26,"column":34},"end":{"line":35,"column":1}},"line":26},"6":{"name":"(anonymous_6)","decl":{"start":{"line":34,"column":22},"end":{"line":34,"column":23}},"loc":{"start":{"line":34,"column":34},"end":{"line":34,"column":47}},"line":34}},"branchMap":{},"s":{"0":0,"1":0,"2":0,"3":0,"4":0,"5":0,"6":0,"7":0,"8":0,"9":0,"10":0,"11":0,"12":0,"13":0,"14":0,"15":0,"16":0,"17":0},"f":{"0":0,"1":0,"2":0,"3":0,"4":0,"5":0,"6":0},"b":{},"hash":"fb413a0b9ba46641016c49028d683f16f19d73ce"}
}
