TN:
SF:C:\Users\srebollo\OneDrive - DXC Production\Documents\FormacionJuniorDXC\1.6-Jest\notes-app-full-stack-bootcamp\src\App.js
FN:9,(anonymous_0)
FN:19,(anonymous_1)
FN:22,(anonymous_2)
FN:27,(anonymous_3)
FN:36,(anonymous_4)
FN:42,(anonymous_5)
FN:45,(anonymous_6)
FN:50,(anonymous_7)
FN:51,(anonymous_8)
FN:56,(anonymous_9)
FN:57,(anonymous_10)
FN:59,(anonymous_11)
FN:63,(anonymous_12)
FN:69,(anonymous_13)
FN:89,(anonymous_14)
FN:98,(anonymous_15)
FN:116,(anonymous_16)
FN:118,(anonymous_17)
FN:125,(anonymous_18)
FN:130,(anonymous_19)
FN:134,(anonymous_20)
FNF:21
FNH:0
FNDA:0,(anonymous_0)
FNDA:0,(anonymous_1)
FNDA:0,(anonymous_2)
FNDA:0,(anonymous_3)
FNDA:0,(anonymous_4)
FNDA:0,(anonymous_5)
FNDA:0,(anonymous_6)
FNDA:0,(anonymous_7)
FNDA:0,(anonymous_8)
FNDA:0,(anonymous_9)
FNDA:0,(anonymous_10)
FNDA:0,(anonymous_11)
FNDA:0,(anonymous_12)
FNDA:0,(anonymous_13)
FNDA:0,(anonymous_14)
FNDA:0,(anonymous_15)
FNDA:0,(anonymous_16)
FNDA:0,(anonymous_17)
FNDA:0,(anonymous_18)
FNDA:0,(anonymous_19)
FNDA:0,(anonymous_20)
DA:9,0
DA:10,0
DA:12,0
DA:13,0
DA:15,0
DA:16,0
DA:17,0
DA:19,0
DA:20,0
DA:23,0
DA:27,0
DA:28,0
DA:29,0
DA:30,0
DA:31,0
DA:32,0
DA:36,0
DA:37,0
DA:38,0
DA:39,0
DA:42,0
DA:43,0
DA:46,0
DA:50,0
DA:51,0
DA:52,0
DA:54,0
DA:57,0
DA:60,0
DA:63,0
DA:64,0
DA:69,0
DA:70,0
DA:72,0
DA:73,0
DA:78,0
DA:82,0
DA:84,0
DA:85,0
DA:86,0
DA:88,0
DA:89,0
DA:90,0
DA:96,0
DA:98,0
DA:100,0
DA:116,0
DA:118,0
DA:125,0
DA:131,0
DA:134,0
LF:51
LH:0
BRDA:29,0,0,0
BRDA:29,0,1,0
BRDA:57,1,0,0
BRDA:57,1,1,0
BRDA:96,2,0,0
BRDA:96,2,1,0
BRDA:107,3,0,0
BRDA:107,3,1,0
BRDA:126,4,0,0
BRDA:126,4,1,0
BRF:10
BRH:0
end_of_record
TN:
SF:C:\Users\srebollo\OneDrive - DXC Production\Documents\FormacionJuniorDXC\1.6-Jest\notes-app-full-stack-bootcamp\src\index.js
FNF:0
FNH:0
DA:6,0
LF:1
LH:0
BRF:0
BRH:0
end_of_record
TN:
SF:C:\Users\srebollo\OneDrive - DXC Production\Documents\FormacionJuniorDXC\1.6-Jest\notes-app-full-stack-bootcamp\src\components\LoginForm.js
FN:5,LoginForm
FNF:1
FNH:0
FNDA:0,LoginForm
DA:6,0
DA:35,0
LF:2
LH:0
BRF:0
BRH:0
end_of_record
TN:
SF:C:\Users\srebollo\OneDrive - DXC Production\Documents\FormacionJuniorDXC\1.6-Jest\notes-app-full-stack-bootcamp\src\components\Note.js
FN:3,(anonymous_0)
FNF:1
FNH:1
FNDA:2,(anonymous_0)
DA:3,1
DA:4,2
DA:8,2
LF:3
LH:3
BRDA:4,0,0,2
BRDA:4,0,1,0
BRF:2
BRH:1
end_of_record
TN:
SF:C:\Users\srebollo\OneDrive - DXC Production\Documents\FormacionJuniorDXC\1.6-Jest\notes-app-full-stack-bootcamp\src\components\NoteForm.js
FN:4,NoteForm
FN:8,(anonymous_1)
FN:12,(anonymous_2)
FNF:3
FNH:0
FNDA:0,NoteForm
FNDA:0,(anonymous_1)
FNDA:0,(anonymous_2)
DA:5,0
DA:6,0
DA:8,0
DA:9,0
DA:12,0
DA:13,0
DA:15,0
DA:20,0
DA:21,0
DA:22,0
DA:25,0
LF:11
LH:0
BRF:0
BRH:0
end_of_record
TN:
SF:C:\Users\srebollo\OneDrive - DXC Production\Documents\FormacionJuniorDXC\1.6-Jest\notes-app-full-stack-bootcamp\src\components\Notification.js
FN:3,(anonymous_0)
FNF:1
FNH:0
FNDA:0,(anonymous_0)
DA:3,0
DA:4,0
DA:5,0
DA:8,0
LF:4
LH:0
BRDA:4,0,0,0
BRDA:4,0,1,0
BRF:2
BRH:0
end_of_record
TN:
SF:C:\Users\srebollo\OneDrive - DXC Production\Documents\FormacionJuniorDXC\1.6-Jest\notes-app-full-stack-bootcamp\src\components\Togglable.js
FN:5,(anonymous_0)
FN:11,(anonymous_1)
FN:13,(anonymous_2)
FNF:3
FNH:2
FNDA:7,(anonymous_0)
FNDA:3,(anonymous_1)
FNDA:0,(anonymous_2)
DA:5,1
DA:6,7
DA:8,7
DA:9,7
DA:11,7
DA:13,7
DA:14,0
DA:19,7
DA:36,1
DA:38,1
LF:10
LH:9
BRDA:5,0,0,0
BRDA:8,1,0,2
BRDA:8,1,1,5
BRDA:9,2,0,2
BRDA:9,2,1,5
BRF:5
BRH:4
end_of_record
TN:
SF:C:\Users\srebollo\OneDrive - DXC Production\Documents\FormacionJuniorDXC\1.6-Jest\notes-app-full-stack-bootcamp\src\i18n\index.js
FNF:0
FNH:0
LF:0
LH:0
BRF:0
BRH:0
end_of_record
TN:
SF:C:\Users\srebollo\OneDrive - DXC Production\Documents\FormacionJuniorDXC\1.6-Jest\notes-app-full-stack-bootcamp\src\services\login.js
FN:5,(anonymous_0)
FNF:1
FNH:0
FNDA:0,(anonymous_0)
DA:3,0
DA:5,0
DA:6,0
DA:7,0
LF:4
LH:0
BRF:0
BRH:0
end_of_record
TN:
SF:C:\Users\srebollo\OneDrive - DXC Production\Documents\FormacionJuniorDXC\1.6-Jest\notes-app-full-stack-bootcamp\src\services\notes.js
FN:6,(anonymous_0)
FN:10,(anonymous_1)
FN:12,(anonymous_2)
FN:15,(anonymous_3)
FN:23,(anonymous_4)
FN:26,(anonymous_5)
FN:34,(anonymous_6)
FNF:7
FNH:0
FNDA:0,(anonymous_0)
FNDA:0,(anonymous_1)
FNDA:0,(anonymous_2)
FNDA:0,(anonymous_3)
FNDA:0,(anonymous_4)
FNDA:0,(anonymous_5)
FNDA:0,(anonymous_6)
DA:2,0
DA:4,0
DA:6,0
DA:7,0
DA:10,0
DA:11,0
DA:12,0
DA:15,0
DA:16,0
DA:22,0
DA:23,0
DA:26,0
DA:27,0
DA:33,0
DA:34,0
LF:15
LH:0
BRF:0
BRH:0
end_of_record
